<?xml version="1.0" encoding="UTF-8"?>
<!-- Generated by org.testng.reporters.JUnitXMLReporter -->
<testsuite ignored="0" hostname="saran" failures="0" tests="6" name="Surefire test" time="92.499" errors="0" timestamp="2026-05-08T11:34:36 IST">
  <testcase classname="tests.AlertsTest" name="alertsAutomationTest" time="20.03"/>
  <testcase classname="tests.FormsTest" name="formInteractionTest" time="20.799"/>
  <testcase classname="tests.LoginTest" name="validLoginTest" time="11.956"/>
  <testcase classname="tests.NotesTest" name="createNoteTest" time="10.11"/>
  <testcase classname="tests.ValidationTest" name="loginValidationTest" time="10.052"/>
  <testcase classname="tests.ValidationTest" name="registrationValidationTest" time="12.905"/>
</testsuite> <!-- Surefire test -->
