<?xml version="1.0" encoding="UTF-8"?>
<!-- Generated by org.testng.reporters.JUnitXMLReporter -->
<testsuite ignored="0" hostname="saran" failures="0" tests="6" name="Surefire test" time="68.146" errors="0" timestamp="2026-05-08T14:18:52 IST">
  <testcase classname="tests.AlertsTest" name="alertsAutomationTest" time="15.991"/>
  <testcase classname="tests.FormsTest" name="formInteractionTest" time="10.776"/>
  <testcase classname="tests.LoginTest" name="formInteractionTest" time="11.008"/>
  <testcase classname="tests.NotesTest" name="createNoteTest" time="9.445"/>
  <testcase classname="tests.ValidationTest" name="registrationValidationTest" time="6.259"/>
  <testcase classname="tests.ValidationTest" name="loginValidationTest" time="8.151"/>
</testsuite> <!-- Surefire test -->
