<?xml version="1.0" encoding="UTF-8"?>
<testsuite xmlns:xsi="http://www.w3.org/2001/XMLSchema-instance" xsi:noNamespaceSchemaLocation="https://maven.apache.org/surefire/maven-surefire-plugin/xsd/surefire-test-report.xsd" name="TestSuite" time="108.77" tests="6" errors="0" skipped="0" failures="0">
  <properties>
[...]
</properties>
  <testcase name="alertsAutomationTest" classname="tests.AlertsTest" time="20.166"/>
  <testcase name="formInteractionTest" classname="tests.FormsTest" time="15.195"/>
  <testcase name="validLoginTest" classname="tests.LoginTest" time="12.71"/>
  <testcase name="createNoteTest" classname="tests.NotesTest" time="9.009"/>
  <testcase name="loginValidationTest" classname="tests.ValidationTest" time="28.484"/>
  <testcase name="registrationValidationTest" classname="tests.ValidationTest" time="15.463"/>
</testsuite>