<?xml version="1.0" encoding="UTF-8"?>
<testng-results ignored="0" total="1" passed="1" failed="0" skipped="0">
  <reporter-output>
  </reporter-output>
  <suite started-at="2026-05-07T11:02:53 IST" name="Surefire suite" finished-at="2026-05-07T11:03:05 IST" duration-ms="12445">
    <groups>
    </groups>
    <test started-at="2026-05-07T11:02:53 IST" name="Surefire test" finished-at="2026-05-07T11:03:05 IST" duration-ms="12445">
      <class name="tests.LoginTest">
        <test-method is-config="true" signature="setup()[pri:0, instance:tests.LoginTest@13c10b87]" started-at="2026-05-07T11:02:53 IST" name="setup" finished-at="2026-05-07T11:03:05 IST" duration-ms="12105" status="PASS">
          <reporter-output>
          </reporter-output>
        </test-method> <!-- setup -->
        <test-method signature="openWebsite()[pri:0, instance:tests.LoginTest@13c10b87]" started-at="2026-05-07T11:03:05 IST" name="openWebsite" finished-at="2026-05-07T11:03:05 IST" duration-ms="2" status="PASS">
          <reporter-output>
          </reporter-output>
        </test-method> <!-- openWebsite -->
        <test-method is-config="true" signature="tearDown()[pri:0, instance:tests.LoginTest@13c10b87]" started-at="2026-05-07T11:03:05 IST" name="tearDown" finished-at="2026-05-07T11:03:05 IST" duration-ms="298" status="PASS">
          <reporter-output>
          </reporter-output>
        </test-method> <!-- tearDown -->
      </class> <!-- tests.LoginTest -->
    </test> <!-- Surefire test -->
  </suite> <!-- Surefire suite -->
</testng-results>
