<?xml version="1.0" encoding="UTF-8"?>
<testng-results ignored="0" total="6" passed="6" failed="0" skipped="0">
  <reporter-output>
  </reporter-output>
  <suite started-at="2026-05-08T12:43:23 IST" name="Surefire suite" finished-at="2026-05-08T12:45:11 IST" duration-ms="107995">
    <groups>
    </groups>
    <test started-at="2026-05-08T12:43:23 IST" name="Surefire test" finished-at="2026-05-08T12:45:11 IST" duration-ms="107995">
      <class name="tests.LoginTest">
        <test-method is-config="true" signature="setup()[pri:0, instance:tests.LoginTest@5db250b4]" started-at="2026-05-08T12:44:01 IST" name="setup" finished-at="2026-05-08T12:44:02 IST" duration-ms="771" status="PASS">
          <reporter-output>
          </reporter-output>
        </test-method> <!-- setup -->
        <test-method signature="validLoginTest()[pri:0, instance:tests.LoginTest@5db250b4]" started-at="2026-05-08T12:44:02 IST" name="validLoginTest" finished-at="2026-05-08T12:44:15 IST" duration-ms="12710" status="PASS">
          <reporter-output>
          </reporter-output>
        </test-method> <!-- validLoginTest -->
        <test-method is-config="true" signature="tearDown()[pri:0, instance:tests.LoginTest@5db250b4]" started-at="2026-05-08T12:44:15 IST" name="tearDown" finished-at="2026-05-08T12:44:15 IST" duration-ms="266" status="PASS">
          <reporter-output>
          </reporter-output>
        </test-method> <!-- tearDown -->
      </class> <!-- tests.LoginTest -->
      <class name="tests.ValidationTest">
        <test-method is-config="true" signature="setup()[pri:0, instance:tests.ValidationTest@38c5cc4c]" started-at="2026-05-08T12:44:25 IST" name="setup" finished-at="2026-05-08T12:44:26 IST" duration-ms="726" status="PASS">
          <reporter-output>
          </reporter-output>
        </test-method> <!-- setup -->
        <test-method signature="loginValidationTest()[pri:0, instance:tests.ValidationTest@38c5cc4c]" started-at="2026-05-08T12:44:26 IST" name="loginValidationTest" finished-at="2026-05-08T12:44:54 IST" duration-ms="28483" status="PASS">
          <reporter-output>
          </reporter-output>
        </test-method> <!-- loginValidationTest -->
        <test-method is-config="true" signature="tearDown()[pri:0, instance:tests.ValidationTest@38c5cc4c]" started-at="2026-05-08T12:44:54 IST" name="tearDown" finished-at="2026-05-08T12:44:54 IST" duration-ms="260" status="PASS">
          <reporter-output>
          </reporter-output>
        </test-method> <!-- tearDown -->
        <test-method is-config="true" signature="setup()[pri:0, instance:tests.ValidationTest@38c5cc4c]" started-at="2026-05-08T12:44:54 IST" name="setup" finished-at="2026-05-08T12:44:55 IST" duration-ms="690" status="PASS">
          <reporter-output>
          </reporter-output>
        </test-method> <!-- setup -->
        <test-method signature="registrationValidationTest()[pri:0, instance:tests.ValidationTest@38c5cc4c]" started-at="2026-05-08T12:44:55 IST" name="registrationValidationTest" finished-at="2026-05-08T12:45:11 IST" duration-ms="15462" status="PASS">
          <reporter-output>
          </reporter-output>
        </test-method> <!-- registrationValidationTest -->
        <test-method is-config="true" signature="tearDown()[pri:0, instance:tests.ValidationTest@38c5cc4c]" started-at="2026-05-08T12:45:11 IST" name="tearDown" finished-at="2026-05-08T12:45:11 IST" duration-ms="218" status="PASS">
          <reporter-output>
          </reporter-output>
        </test-method> <!-- tearDown -->
      </class> <!-- tests.ValidationTest -->
      <class name="tests.FormsTest">
        <test-method is-config="true" signature="setup()[pri:0, instance:tests.FormsTest@5bfa9431]" started-at="2026-05-08T12:43:45 IST" name="setup" finished-at="2026-05-08T12:43:46 IST" duration-ms="839" status="PASS">
          <reporter-output>
          </reporter-output>
        </test-method> <!-- setup -->
        <test-method signature="formInteractionTest()[pri:0, instance:tests.FormsTest@5bfa9431]" started-at="2026-05-08T12:43:46 IST" name="formInteractionTest" finished-at="2026-05-08T12:44:01 IST" duration-ms="15195" status="PASS">
          <reporter-output>
          </reporter-output>
        </test-method> <!-- formInteractionTest -->
        <test-method is-config="true" signature="tearDown()[pri:0, instance:tests.FormsTest@5bfa9431]" started-at="2026-05-08T12:44:01 IST" name="tearDown" finished-at="2026-05-08T12:44:01 IST" duration-ms="282" status="PASS">
          <reporter-output>
          </reporter-output>
        </test-method> <!-- tearDown -->
      </class> <!-- tests.FormsTest -->
      <class name="tests.AlertsTest">
        <test-method is-config="true" signature="setup()[pri:0, instance:tests.AlertsTest@184cf7cf]" started-at="2026-05-08T12:43:23 IST" name="setup" finished-at="2026-05-08T12:43:24 IST" duration-ms="1269" status="PASS">
          <reporter-output>
          </reporter-output>
        </test-method> <!-- setup -->
        <test-method signature="alertsAutomationTest()[pri:0, instance:tests.AlertsTest@184cf7cf]" started-at="2026-05-08T12:43:24 IST" name="alertsAutomationTest" finished-at="2026-05-08T12:43:44 IST" duration-ms="20165" status="PASS">
          <reporter-output>
          </reporter-output>
        </test-method> <!-- alertsAutomationTest -->
        <test-method is-config="true" signature="tearDown()[pri:0, instance:tests.AlertsTest@184cf7cf]" started-at="2026-05-08T12:43:44 IST" name="tearDown" finished-at="2026-05-08T12:43:45 IST" duration-ms="677" status="PASS">
          <reporter-output>
          </reporter-output>
        </test-method> <!-- tearDown -->
      </class> <!-- tests.AlertsTest -->
      <class name="tests.NotesTest">
        <test-method is-config="true" signature="setup()[pri:0, instance:tests.NotesTest@223f3642]" started-at="2026-05-08T12:44:15 IST" name="setup" finished-at="2026-05-08T12:44:16 IST" duration-ms="740" status="PASS">
          <reporter-output>
          </reporter-output>
        </test-method> <!-- setup -->
        <test-method signature="createNoteTest()[pri:0, instance:tests.NotesTest@223f3642]" started-at="2026-05-08T12:44:16 IST" name="createNoteTest" finished-at="2026-05-08T12:44:25 IST" duration-ms="9009" status="PASS">
          <reporter-output>
          </reporter-output>
        </test-method> <!-- createNoteTest -->
        <test-method is-config="true" signature="tearDown()[pri:0, instance:tests.NotesTest@223f3642]" started-at="2026-05-08T12:44:25 IST" name="tearDown" finished-at="2026-05-08T12:44:25 IST" duration-ms="179" status="PASS">
          <reporter-output>
          </reporter-output>
        </test-method> <!-- tearDown -->
      </class> <!-- tests.NotesTest -->
    </test> <!-- Surefire test -->
  </suite> <!-- Surefire suite -->
</testng-results>
